<?xml version="1.0" encoding="UTF-8"?>
<!-- Generated by org.testng.reporters.JUnitReportReporter -->
<testsuite hostname="DESKTOP-E9Q4G78" failures="0" tests="1" name="com.test.Test_Url" time="106.455" errors="0" timestamp="2024-12-11T12:32:22 IST" skipped="0">
  <testcase classname="com.test.Test_Url" name="launch" time="106.455"/>
</testsuite> <!-- com.test.Test_Url -->
